\BOOKMARK [0][-]{chapter.1}{\376\377\0001\000\040\000M\000a\000i\000n\000\040\000P\000a\000g\000e}{}% 1
\BOOKMARK [1][-]{section.1.1}{\376\377\0001\000.\0001\000\040\000a\000n\000k\000o}{chapter.1}% 2
\BOOKMARK [2][-]{subsection.1.1.1}{\376\377\0001\000.\0001\000.\0001\000\040\000R\000e\000q\000u\000i\000r\000e\000m\000e\000n\000t\000s}{section.1.1}% 3
\BOOKMARK [2][-]{subsection.1.1.2}{\376\377\0001\000.\0001\000.\0002\000\040\000I\000n\000s\000t\000a\000l\000l\000a\000t\000i\000o\000n}{section.1.1}% 4
\BOOKMARK [2][-]{subsection.1.1.3}{\376\377\0001\000.\0001\000.\0003\000\040\000D\000o\000c\000u\000m\000e\000n\000t\000a\000t\000i\000o\000n}{section.1.1}% 5
\BOOKMARK [2][-]{subsection.1.1.4}{\376\377\0001\000.\0001\000.\0004\000\040\000J\000u\000p\000y\000t\000e\000r\000\040\000N\000o\000t\000e\000b\000o\000o\000k\000\040\000T\000u\000t\000o\000r\000i\000a\000l\000\040\000\050\000i\000n\000\040\000d\000e\000v\000\051}{section.1.1}% 6
\BOOKMARK [2][-]{subsection.1.1.5}{\376\377\0001\000.\0001\000.\0005\000\040\000B\000a\000s\000i\000c\000\040\000U\000s\000a\000g\000e}{section.1.1}% 7
\BOOKMARK [2][-]{subsection.1.1.6}{\376\377\0001\000.\0001\000.\0006\000\040\000R\000u\000n\000\040\000T\000e\000s\000t\000\040\000\050\000i\000n\000\040\000d\000e\000v\000\051}{section.1.1}% 8
\BOOKMARK [0][-]{chapter.2}{\376\377\0002\000\040\000N\000a\000m\000e\000s\000p\000a\000c\000e\000\040\000I\000n\000d\000e\000x}{}% 9
\BOOKMARK [1][-]{section.2.1}{\376\377\0002\000.\0001\000\040\000N\000a\000m\000e\000s\000p\000a\000c\000e\000\040\000L\000i\000s\000t}{chapter.2}% 10
\BOOKMARK [0][-]{chapter.3}{\376\377\0003\000\040\000H\000i\000e\000r\000a\000r\000c\000h\000i\000c\000a\000l\000\040\000I\000n\000d\000e\000x}{}% 11
\BOOKMARK [1][-]{section.3.1}{\376\377\0003\000.\0001\000\040\000C\000l\000a\000s\000s\000\040\000H\000i\000e\000r\000a\000r\000c\000h\000y}{chapter.3}% 12
\BOOKMARK [0][-]{chapter.4}{\376\377\0004\000\040\000C\000l\000a\000s\000s\000\040\000I\000n\000d\000e\000x}{}% 13
\BOOKMARK [1][-]{section.4.1}{\376\377\0004\000.\0001\000\040\000C\000l\000a\000s\000s\000\040\000L\000i\000s\000t}{chapter.4}% 14
\BOOKMARK [0][-]{chapter.5}{\376\377\0005\000\040\000F\000i\000l\000e\000\040\000I\000n\000d\000e\000x}{}% 15
\BOOKMARK [1][-]{section.5.1}{\376\377\0005\000.\0001\000\040\000F\000i\000l\000e\000\040\000L\000i\000s\000t}{chapter.5}% 16
\BOOKMARK [0][-]{chapter.6}{\376\377\0006\000\040\000N\000a\000m\000e\000s\000p\000a\000c\000e\000\040\000D\000o\000c\000u\000m\000e\000n\000t\000a\000t\000i\000o\000n}{}% 17
\BOOKMARK [1][-]{section.6.1}{\376\377\0006\000.\0001\000\040\000a\000n\000k\000o\000\040\000N\000a\000m\000e\000s\000p\000a\000c\000e\000\040\000R\000e\000f\000e\000r\000e\000n\000c\000e}{chapter.6}% 18
\BOOKMARK [1][-]{section.6.2}{\376\377\0006\000.\0002\000\040\000a\000n\000k\000o\000.\000a\000n\000o\000m\000a\000l\000y\000\137\000d\000e\000t\000e\000c\000t\000o\000r\000\040\000N\000a\000m\000e\000s\000p\000a\000c\000e\000\040\000R\000e\000f\000e\000r\000e\000n\000c\000e}{chapter.6}% 19
\BOOKMARK [1][-]{section.6.3}{\376\377\0006\000.\0003\000\040\000a\000n\000k\000o\000.\000s\000t\000a\000t\000s\000\137\000u\000t\000i\000l\000\040\000N\000a\000m\000e\000s\000p\000a\000c\000e\000\040\000R\000e\000f\000e\000r\000e\000n\000c\000e}{chapter.6}% 20
\BOOKMARK [2][-]{subsection.6.3.1}{\376\377\0006\000.\0003\000.\0001\000\040\000F\000u\000n\000c\000t\000i\000o\000n\000\040\000D\000o\000c\000u\000m\000e\000n\000t\000a\000t\000i\000o\000n}{section.6.3}% 21
\BOOKMARK [3][-]{subsubsection.6.3.1.1}{\376\377\0006\000.\0003\000.\0001\000.\0001\000\040\000A\000I\000C\000\137\000s\000c\000o\000r\000e\000\050\000\051}{subsection.6.3.1}% 22
\BOOKMARK [3][-]{subsubsection.6.3.1.2}{\376\377\0006\000.\0003\000.\0001\000.\0002\000\040\000B\000I\000C\000\137\000s\000c\000o\000r\000e\000\050\000\051}{subsection.6.3.1}% 23
\BOOKMARK [3][-]{subsubsection.6.3.1.3}{\376\377\0006\000.\0003\000.\0001\000.\0003\000\040\000d\000a\000t\000a\000\137\000i\000s\000\137\000l\000i\000n\000e\000a\000r\000\050\000\051}{subsection.6.3.1}% 24
\BOOKMARK [3][-]{subsubsection.6.3.1.4}{\376\377\0006\000.\0003\000.\0001\000.\0004\000\040\000d\000i\000s\000c\000o\000n\000t\000i\000n\000u\000o\000u\000s\000\137\000i\000d\000x\000\050\000\051}{subsection.6.3.1}% 25
\BOOKMARK [3][-]{subsubsection.6.3.1.5}{\376\377\0006\000.\0003\000.\0001\000.\0005\000\040\000e\000x\000p\000\137\000d\000e\000c\000a\000y\000\050\000\051}{subsection.6.3.1}% 26
\BOOKMARK [3][-]{subsubsection.6.3.1.6}{\376\377\0006\000.\0003\000.\0001\000.\0006\000\040\000e\000x\000p\000\137\000d\000e\000c\000a\000y\000\137\000f\000i\000t\000\050\000\051}{subsection.6.3.1}% 27
\BOOKMARK [3][-]{subsubsection.6.3.1.7}{\376\377\0006\000.\0003\000.\0001\000.\0007\000\040\000f\000i\000t\000t\000i\000n\000g\000\137\000r\000e\000s\000i\000d\000u\000a\000l\000\050\000\051}{subsection.6.3.1}% 28
\BOOKMARK [3][-]{subsubsection.6.3.1.8}{\376\377\0006\000.\0003\000.\0001\000.\0008\000\040\000f\000l\000a\000t\000\137\000h\000i\000s\000t\000o\000g\000r\000a\000m\000\050\000\051}{subsection.6.3.1}% 29
\BOOKMARK [3][-]{subsubsection.6.3.1.9}{\376\377\0006\000.\0003\000.\0001\000.\0009\000\040\000g\000a\000u\000s\000s\000i\000a\000n\000\137\000f\000i\000t\000\050\000\051}{subsection.6.3.1}% 30
\BOOKMARK [3][-]{subsubsection.6.3.1.10}{\376\377\0006\000.\0003\000.\0001\000.\0001\0000\000\040\000g\000e\000n\000e\000r\000a\000l\000\137\000e\000r\000f\000\050\000\051}{subsection.6.3.1}% 31
\BOOKMARK [3][-]{subsubsection.6.3.1.11}{\376\377\0006\000.\0003\000.\0001\000.\0001\0001\000\040\000g\000e\000n\000e\000r\000a\000l\000\137\000e\000r\000f\000\137\000f\000i\000t\000\050\000\051}{subsection.6.3.1}% 32
\BOOKMARK [3][-]{subsubsection.6.3.1.12}{\376\377\0006\000.\0003\000.\0001\000.\0001\0002\000\040\000g\000e\000t\000\137\000h\000i\000s\000t\000o\000g\000r\000a\000m\000\050\000\051}{subsection.6.3.1}% 33
\BOOKMARK [3][-]{subsubsection.6.3.1.13}{\376\377\0006\000.\0003\000.\0001\000.\0001\0003\000\040\000i\000s\000\137\000o\000s\000c\000i\000l\000l\000a\000t\000i\000n\000g\000\050\000\051}{subsection.6.3.1}% 34
\BOOKMARK [3][-]{subsubsection.6.3.1.14}{\376\377\0006\000.\0003\000.\0001\000.\0001\0004\000\040\000l\000e\000f\000t\000\137\000h\000a\000l\000f\000\137\000n\000o\000r\000m\000a\000l\000\137\000d\000i\000s\000t\000r\000\050\000\051}{subsection.6.3.1}% 35
\BOOKMARK [3][-]{subsubsection.6.3.1.15}{\376\377\0006\000.\0003\000.\0001\000.\0001\0005\000\040\000l\000i\000n\000e\000a\000r\000\137\000r\000e\000g\000r\000e\000s\000s\000i\000o\000n\000\050\000\051}{subsection.6.3.1}% 36
\BOOKMARK [3][-]{subsubsection.6.3.1.16}{\376\377\0006\000.\0003\000.\0001\000.\0001\0006\000\040\000n\000o\000r\000m\000a\000l\000\137\000d\000i\000s\000t\000r\000\050\000\051}{subsection.6.3.1}% 37
\BOOKMARK [3][-]{subsubsection.6.3.1.17}{\376\377\0006\000.\0003\000.\0001\000.\0001\0007\000\040\000r\000i\000g\000h\000t\000\137\000h\000a\000l\000f\000\137\000n\000o\000r\000m\000a\000l\000\137\000d\000i\000s\000t\000r\000\050\000\051}{subsection.6.3.1}% 38
\BOOKMARK [3][-]{subsubsection.6.3.1.18}{\376\377\0006\000.\0003\000.\0001\000.\0001\0008\000\040\000s\000m\000o\000o\000t\000h\000n\000e\000s\000s\000\050\000\051}{subsection.6.3.1}% 39
\BOOKMARK [3][-]{subsubsection.6.3.1.19}{\376\377\0006\000.\0003\000.\0001\000.\0001\0009\000\040\000t\000h\000r\000e\000e\000\137\000s\000t\000a\000i\000r\000\137\000e\000r\000f\000\050\000\051}{subsection.6.3.1}% 40
\BOOKMARK [3][-]{subsubsection.6.3.1.20}{\376\377\0006\000.\0003\000.\0001\000.\0002\0000\000\040\000z\000\137\000n\000o\000r\000m\000a\000l\000i\000z\000a\000t\000i\000o\000n\000\050\000\051}{subsection.6.3.1}% 41
\BOOKMARK [0][-]{chapter.7}{\376\377\0007\000\040\000C\000l\000a\000s\000s\000\040\000D\000o\000c\000u\000m\000e\000n\000t\000a\000t\000i\000o\000n}{}% 42
\BOOKMARK [1][-]{section.7.1}{\376\377\0007\000.\0001\000\040\000a\000n\000k\000o\000.\000a\000n\000o\000m\000a\000l\000y\000\137\000d\000e\000t\000e\000c\000t\000o\000r\000.\000A\000n\000o\000m\000a\000l\000o\000u\000s\000D\000a\000t\000a\000\040\000C\000l\000a\000s\000s\000\040\000R\000e\000f\000e\000r\000e\000n\000c\000e}{chapter.7}% 43
\BOOKMARK [2][-]{subsection.7.1.1}{\376\377\0007\000.\0001\000.\0001\000\040\000C\000o\000n\000s\000t\000r\000u\000c\000t\000o\000r\000\040\000\046\000\040\000D\000e\000s\000t\000r\000u\000c\000t\000o\000r\000\040\000D\000o\000c\000u\000m\000e\000n\000t\000a\000t\000i\000o\000n}{section.7.1}% 44
\BOOKMARK [3][-]{subsubsection.7.1.1.1}{\376\377\0007\000.\0001\000.\0001\000.\0001\000\040\000\137\000\137\000i\000n\000i\000t\000\137\000\137\000\050\000\051}{subsection.7.1.1}% 45
\BOOKMARK [1][-]{section.7.2}{\376\377\0007\000.\0002\000\040\000a\000n\000k\000o\000.\000a\000n\000o\000m\000a\000l\000y\000\137\000d\000e\000t\000e\000c\000t\000o\000r\000.\000A\000n\000o\000m\000a\000l\000y\000D\000e\000t\000e\000c\000t\000o\000r\000\040\000C\000l\000a\000s\000s\000\040\000R\000e\000f\000e\000r\000e\000n\000c\000e}{chapter.7}% 46
\BOOKMARK [2][-]{subsection.7.2.1}{\376\377\0007\000.\0002\000.\0001\000\040\000D\000e\000t\000a\000i\000l\000e\000d\000\040\000D\000e\000s\000c\000r\000i\000p\000t\000i\000o\000n}{section.7.2}% 47
\BOOKMARK [2][-]{subsection.7.2.2}{\376\377\0007\000.\0002\000.\0002\000\040\000C\000o\000n\000s\000t\000r\000u\000c\000t\000o\000r\000\040\000\046\000\040\000D\000e\000s\000t\000r\000u\000c\000t\000o\000r\000\040\000D\000o\000c\000u\000m\000e\000n\000t\000a\000t\000i\000o\000n}{section.7.2}% 48
\BOOKMARK [3][-]{subsubsection.7.2.2.1}{\376\377\0007\000.\0002\000.\0002\000.\0001\000\040\000\137\000\137\000i\000n\000i\000t\000\137\000\137\000\050\000\051}{subsection.7.2.2}% 49
\BOOKMARK [2][-]{subsection.7.2.3}{\376\377\0007\000.\0002\000.\0003\000\040\000M\000e\000m\000b\000e\000r\000\040\000F\000u\000n\000c\000t\000i\000o\000n\000\040\000D\000o\000c\000u\000m\000e\000n\000t\000a\000t\000i\000o\000n}{section.7.2}% 50
\BOOKMARK [3][-]{subsubsection.7.2.3.1}{\376\377\0007\000.\0002\000.\0003\000.\0001\000\040\000c\000h\000e\000c\000k\000\050\000\051}{subsection.7.2.3}% 51
\BOOKMARK [2][-]{subsection.7.2.4}{\376\377\0007\000.\0002\000.\0004\000\040\000M\000e\000m\000b\000e\000r\000\040\000D\000a\000t\000a\000\040\000D\000o\000c\000u\000m\000e\000n\000t\000a\000t\000i\000o\000n}{section.7.2}% 52
\BOOKMARK [3][-]{subsubsection.7.2.4.1}{\376\377\0007\000.\0002\000.\0004\000.\0001\000\040\000a\000p\000p\000l\000y\000\137\000p\000o\000l\000i\000c\000i\000e\000s}{subsection.7.2.4}% 53
\BOOKMARK [3][-]{subsubsection.7.2.4.2}{\376\377\0007\000.\0002\000.\0004\000.\0002\000\040\000c\000h\000e\000c\000k\000\137\000f\000a\000i\000l\000e\000d}{subsection.7.2.4}% 54
\BOOKMARK [3][-]{subsubsection.7.2.4.3}{\376\377\0007\000.\0002\000.\0004\000.\0003\000\040\000e\000r\000r\000o\000r\000\137\000c\000o\000d\000e}{subsection.7.2.4}% 55
\BOOKMARK [3][-]{subsubsection.7.2.4.4}{\376\377\0007\000.\0002\000.\0004\000.\0004\000\040\000m\000o\000d\000e\000l\000s}{subsection.7.2.4}% 56
\BOOKMARK [3][-]{subsubsection.7.2.4.5}{\376\377\0007\000.\0002\000.\0004\000.\0005\000\040\000s\000e\000r\000i\000e\000s}{subsection.7.2.4}% 57
\BOOKMARK [3][-]{subsubsection.7.2.4.6}{\376\377\0007\000.\0002\000.\0004\000.\0006\000\040\000t}{subsection.7.2.4}% 58
\BOOKMARK [3][-]{subsubsection.7.2.4.7}{\376\377\0007\000.\0002\000.\0004\000.\0007\000\040\000t\000h\000r\000e\000s\000\137\000p\000a\000r\000a\000m\000s}{subsection.7.2.4}% 59
\BOOKMARK [1][-]{section.7.3}{\376\377\0007\000.\0003\000\040\000a\000n\000k\000o\000.\000a\000n\000o\000m\000a\000l\000y\000\137\000d\000e\000t\000e\000c\000t\000o\000r\000.\000C\000h\000e\000c\000k\000R\000e\000s\000u\000l\000t\000\040\000C\000l\000a\000s\000s\000\040\000R\000e\000f\000e\000r\000e\000n\000c\000e}{chapter.7}% 60
\BOOKMARK [2][-]{subsection.7.3.1}{\376\377\0007\000.\0003\000.\0001\000\040\000M\000e\000m\000b\000e\000r\000\040\000F\000u\000n\000c\000t\000i\000o\000n\000\040\000D\000o\000c\000u\000m\000e\000n\000t\000a\000t\000i\000o\000n}{section.7.3}% 61
\BOOKMARK [3][-]{subsubsection.7.3.1.1}{\376\377\0007\000.\0003\000.\0001\000.\0001\000\040\000\137\000\137\000d\000i\000r\000\137\000\137\000\050\000\051}{subsection.7.3.1}% 62
\BOOKMARK [3][-]{subsubsection.7.3.1.2}{\376\377\0007\000.\0003\000.\0001\000.\0002\000\040\000\137\000\137\000g\000e\000t\000a\000t\000t\000r\000\137\000\137\000\050\000\051}{subsection.7.3.1}% 63
\BOOKMARK [3][-]{subsubsection.7.3.1.3}{\376\377\0007\000.\0003\000.\0001\000.\0003\000\040\000\137\000\137\000r\000e\000p\000r\000\137\000\137\000\050\000\051}{subsection.7.3.1}% 64
\BOOKMARK [0][-]{chapter.8}{\376\377\0008\000\040\000F\000i\000l\000e\000\040\000D\000o\000c\000u\000m\000e\000n\000t\000a\000t\000i\000o\000n}{}% 65
\BOOKMARK [1][-]{section.8.1}{\376\377\0008\000.\0001\000\040\000a\000n\000k\000o\000/\000\137\000\137\000i\000n\000i\000t\000\137\000\137\000.\000p\000y\000\040\000F\000i\000l\000e\000\040\000R\000e\000f\000e\000r\000e\000n\000c\000e}{chapter.8}% 66
\BOOKMARK [1][-]{section.8.2}{\376\377\0008\000.\0002\000\040\000a\000n\000k\000o\000/\000a\000n\000o\000m\000a\000l\000y\000\137\000d\000e\000t\000e\000c\000t\000o\000r\000.\000p\000y\000\040\000F\000i\000l\000e\000\040\000R\000e\000f\000e\000r\000e\000n\000c\000e}{chapter.8}% 67
\BOOKMARK [1][-]{section.8.3}{\376\377\0008\000.\0003\000\040\000a\000n\000k\000o\000/\000s\000t\000a\000t\000s\000\137\000u\000t\000i\000l\000.\000p\000y\000\040\000F\000i\000l\000e\000\040\000R\000e\000f\000e\000r\000e\000n\000c\000e}{chapter.8}% 68
\BOOKMARK [1][-]{section.8.4}{\376\377\0008\000.\0004\000\040\000R\000E\000A\000D\000M\000E\000.\000m\000d\000\040\000F\000i\000l\000e\000\040\000R\000e\000f\000e\000r\000e\000n\000c\000e}{chapter.8}% 69
